Build started 4/28/2014 11:44:36 AM.
     1>Project "C:\Users\Nguyen\Documents\Visual Studio 2010\Projects\Programming Assignment 4\Programming Assignment 4\Programming Assignment 4.vcxproj" on node 2 (build target(s)).
     1>InitializeBuildStatus:
         Touching "Debug\Programming Assignment 4.unsuccessfulbuild".
       ClCompile:
         C:\Program Files (x86)\Microsoft Visual Studio 10.0\VC\bin\CL.exe /c /ZI /nologo /W3 /WX- /Od /Oy- /D _MBCS /Gm /EHsc /RTC1 /MDd /GS /fp:precise /Zc:wchar_t /Zc:forScope /Fo"Debug\\" /Fd"Debug\vc100.pdb" /Gd /TP /analyze- /errorReport:prompt Driver.cpp
         Driver.cpp
       Link:
         C:\Program Files (x86)\Microsoft Visual Studio 10.0\VC\bin\link.exe /ERRORREPORT:PROMPT /OUT:"C:\Users\Nguyen\Documents\Visual Studio 2010\Projects\Programming Assignment 4\Debug\Programming Assignment 4.exe" /NOLOGO kernel32.lib user32.lib gdi32.lib winspool.lib comdlg32.lib advapi32.lib shell32.lib ole32.lib oleaut32.lib uuid.lib odbc32.lib odbccp32.lib /MANIFEST /ManifestFile:"Debug\Programming Assignment 4.exe.intermediate.manifest" /MANIFESTUAC:"level='asInvoker' uiAccess='false'" /DEBUG /PDB:"C:\Users\Nguyen\Documents\Visual Studio 2010\Projects\Programming Assignment 4\Debug\Programming Assignment 4.pdb" /TLBID:1 /DYNAMICBASE /NXCOMPAT /IMPLIB:"C:\Users\Nguyen\Documents\Visual Studio 2010\Projects\Programming Assignment 4\Debug\Programming Assignment 4.lib" /MACHINE:X86 Debug\Driver.obj
         Debug\MorseCodeController.obj
         Debug\MorseCodeTree.obj
         Debug\ProgrammingAssignment4.obj
         Debug\Viewer.obj
     1>Driver.obj : error LNK2019: unresolved external symbol "public: int __thiscall MorseCodeController::Encode(void)" (?Encode@MorseCodeController@@QAEHXZ) referenced in function "public: int __thiscall Driver::Encode(void)" (?Encode@Driver@@QAEHXZ)
     1>Driver.obj : error LNK2019: unresolved external symbol "public: int __thiscall MorseCodeController::Decode(void)" (?Decode@MorseCodeController@@QAEHXZ) referenced in function "public: int __thiscall Driver::Decode(void)" (?Decode@Driver@@QAEHXZ)
     1>Driver.obj : error LNK2019: unresolved external symbol "public: int __thiscall MorseCodeController::Print(void)" (?Print@MorseCodeController@@QAEHXZ) referenced in function "public: int __thiscall Driver::Print(void)" (?Print@Driver@@QAEHXZ)
     1>ProgrammingAssignment4.obj : error LNK2019: unresolved external symbol "public: void __thiscall Viewer::Choose(void)" (?Choose@Viewer@@QAEXXZ) referenced in function _main
     1>C:\Users\Nguyen\Documents\Visual Studio 2010\Projects\Programming Assignment 4\Debug\Programming Assignment 4.exe : fatal error LNK1120: 4 unresolved externals
     1>Done Building Project "C:\Users\Nguyen\Documents\Visual Studio 2010\Projects\Programming Assignment 4\Programming Assignment 4\Programming Assignment 4.vcxproj" (build target(s)) -- FAILED.

Build FAILED.

Time Elapsed 00:00:01.16
